build\assig1.pdb
D:\MT\143277-MEIKAICHENG-ASSIG1\BUILD\ASSIG1.EXE
D:\MT\143277-MEIKAICHENG-ASSIG1\BUILD\ASSIG1.EXE.INTERMEDIATE.MANIFEST
D:\MT\143277-MEIKAICHENG-ASSIG1\BUILD\ASSIG1.PCH
D:\MT\143277-MEIKAICHENG-ASSIG1\BUILD\ASSIG1.PDB
D:\MT\143277-MeiKaicheng-assig1\build\assig1.write.1.tlog
D:\MT\143277-MEIKAICHENG-ASSIG1\BUILD\CAMERA.OBJ
D:\MT\143277-MeiKaicheng-assig1\build\cl.command.1.tlog
D:\MT\143277-MeiKaicheng-assig1\build\CL.read.1.tlog
D:\MT\143277-MeiKaicheng-assig1\build\CL.write.1.tlog
D:\MT\143277-MEIKAICHENG-ASSIG1\BUILD\COMPOSITE1.OBJ
D:\MT\143277-MEIKAICHENG-ASSIG1\BUILD\COMPOSITE2.OBJ
D:\MT\143277-MEIKAICHENG-ASSIG1\BUILD\CUBE.OBJ
D:\MT\143277-MEIKAICHENG-ASSIG1\BUILD\EXTRUSION.OBJ
D:\MT\143277-MEIKAICHENG-ASSIG1\BUILD\FACE.OBJ
D:\MT\143277-MEIKAICHENG-ASSIG1\BUILD\FOG.OBJ
D:\MT\143277-MEIKAICHENG-ASSIG1\BUILD\FRAGMENTSHADER.OBJ
D:\MT\143277-MEIKAICHENG-ASSIG1\BUILD\LIGHT.OBJ
D:\MT\143277-MeiKaicheng-assig1\build\link.command.1.tlog
D:\MT\143277-MeiKaicheng-assig1\build\link.read.1.tlog
D:\MT\143277-MeiKaicheng-assig1\build\link.write.1.tlog
D:\MT\143277-MEIKAICHENG-ASSIG1\BUILD\MAIN.OBJ
D:\MT\143277-MEIKAICHENG-ASSIG1\BUILD\MATRIX.OBJ
D:\MT\143277-MeiKaicheng-assig1\build\mt.command.1.tlog
D:\MT\143277-MeiKaicheng-assig1\build\mt.read.1.tlog
D:\MT\143277-MeiKaicheng-assig1\build\mt.write.1.tlog
D:\MT\143277-MEIKAICHENG-ASSIG1\BUILD\OBJECT3D.OBJ
D:\MT\143277-MEIKAICHENG-ASSIG1\BUILD\OPENCUBE.OBJ
D:\MT\143277-MEIKAICHENG-ASSIG1\BUILD\OPENSPHERE.OBJ
D:\MT\143277-MEIKAICHENG-ASSIG1\BUILD\OPENTORUS.OBJ
D:\MT\143277-MEIKAICHENG-ASSIG1\BUILD\PLATFORM.OBJ
D:\MT\143277-MEIKAICHENG-ASSIG1\BUILD\PREFIX.OBJ
D:\MT\143277-MEIKAICHENG-ASSIG1\BUILD\SCENE.OBJ
D:\MT\143277-MEIKAICHENG-ASSIG1\BUILD\SHADERPROGRAM.OBJ
D:\MT\143277-MEIKAICHENG-ASSIG1\BUILD\SKYBOX.OBJ
D:\MT\143277-MEIKAICHENG-ASSIG1\BUILD\SND.OBJ
D:\MT\143277-MEIKAICHENG-ASSIG1\BUILD\SPHERE.OBJ
D:\MT\143277-MEIKAICHENG-ASSIG1\BUILD\SWEEP.OBJ
D:\MT\143277-MEIKAICHENG-ASSIG1\BUILD\TEXTURE.OBJ
D:\MT\143277-MEIKAICHENG-ASSIG1\BUILD\TORUS.OBJ
D:\MT\143277-MEIKAICHENG-ASSIG1\BUILD\TREASUREBOX.OBJ
D:\MT\143277-MEIKAICHENG-ASSIG1\BUILD\UTILITY.OBJ
D:\MT\143277-MEIKAICHENG-ASSIG1\BUILD\VC100.PDB
D:\MT\143277-MEIKAICHENG-ASSIG1\BUILD\VECTR.OBJ
D:\MT\143277-MEIKAICHENG-ASSIG1\BUILD\VERTEX.OBJ
D:\MT\143277-MEIKAICHENG-ASSIG1\BUILD\VERTEXSHADER.OBJ
D:\MT\143277-MEIKAICHENG-ASSIG1\BUILD\VIEWFRUSTUM.OBJ
